<?xml version="1.0" encoding="UTF-8"?>
<!-- Generated by org.testng.reporters.JUnitXMLReporter -->
<testsuite ignored="2" hostname="Narendra" failures="0" tests="5" name="Add user into OrangeHRM" time="52.132" errors="0" timestamp="2022-03-04T12:30:50 IST">
  <testcase classname="Yt.Play" name="loginOhrm" time="9.649"/>
  <testcase classname="Yt.Search" name="clickAdmin" time="2.938"/>
  <testcase classname="Yt.Search" name="addUser" time="8.486"/>
  <testcase classname="Yt.Search" name="searchUser" time="14.429"/>
  <testcase classname="Yt.Search" name="editUser" time="7.525"/>
  <testcase classname="Yt.Play" name="loginOhrm" time="0.0">
    <ignored/>
  </testcase> <!-- loginOhrm -->
  <testcase classname="Yt.Play" name="@BeforeTest invokeBrowser" time="0.0">
    <ignored/>
  </testcase> <!-- @BeforeTest invokeBrowser -->
</testsuite> <!-- Add user into OrangeHRM -->
