<?xml version="1.0" encoding="UTF-8"?>
<!-- Generated by org.testng.reporters.JUnitXMLReporter -->
<testsuite ignored="0" hostname="Narendra" failures="0" tests="1" name="As2" time="0.029" errors="0" timestamp="2022-02-11T19:35:25 IST">
  <testcase classname="Default.Page1" name="@BeforeTest admin" time="0.001">
    <failure type="java.lang.NullPointerException" message="Cannot invoke &amp;quot;org.openqa.selenium.WebDriver.findElement(org.openqa.selenium.By)&amp;quot; because &amp;quot;this.driver&amp;quot; is null">
      <![CDATA[java.lang.NullPointerException: Cannot invoke "org.openqa.selenium.WebDriver.findElement(org.openqa.selenium.By)" because "this.driver" is null
at Default.Page1.admin(Page1.java:38)
... Removed 24 stack frames]]>
    </failure>
  </testcase> <!-- @BeforeTest admin -->
  <testcase classname="Default.Page1" name="@AfterTest admin1" time="-1.644588325084E9">
    <skipped/>
  </testcase> <!-- @AfterTest admin1 -->
  <testcase classname="Default.Page1" name="admin" time="0.0">
    <skipped/>
  </testcase> <!-- admin -->
</testsuite> <!-- As2 -->
