<?xml version="1.0" encoding="UTF-8"?>
<!-- Generated by org.testng.reporters.JUnitXMLReporter -->
<testsuite ignored="0" hostname="Narendra" failures="0" tests="2" name="Assignment1" time="5.001" errors="0" timestamp="2022-02-10T22:54:10 IST">
  <testcase classname="Default.Page1" name="@BeforeTest admin" time="0.007">
    <failure type="java.lang.NullPointerException" message="Cannot invoke &amp;quot;org.openqa.selenium.WebDriver.findElement(org.openqa.selenium.By)&amp;quot; because &amp;quot;this.driver&amp;quot; is null">
      <![CDATA[java.lang.NullPointerException: Cannot invoke "org.openqa.selenium.WebDriver.findElement(org.openqa.selenium.By)" because "this.driver" is null
at Default.Page1.admin(Page1.java:37)
... Removed 24 stack frames]]>
    </failure>
  </testcase> <!-- @BeforeTest admin -->
  <testcase classname="Default.Login" name="@AfterTest close" time="-1.644513850729E9">
    <skipped/>
  </testcase> <!-- @AfterTest close -->
  <testcase classname="Default.Login" name="login" time="0.0">
    <skipped/>
  </testcase> <!-- login -->
  <testcase classname="Default.Page1" name="admin" time="0.0">
    <skipped/>
  </testcase> <!-- admin -->
</testsuite> <!-- Assignment1 -->
