<?xml version="1.0" encoding="UTF-8"?>
<!-- Generated by org.testng.reporters.JUnitXMLReporter -->
<testsuite ignored="2" hostname="Narendra" failures="1" tests="3" name="Test1" time="5.676" errors="0" timestamp="2022-02-12T22:53:17 IST">
  <testcase classname="Yt.Ytlogin" name="f" time="5.184"/>
  <testcase classname="Yt.Search" name="f2" time="0.003">
    <failure type="java.lang.Error" message="Unresolved compilation problem: 
	Syntax error on token &amp;quot;.&amp;quot;, ; expected
">
      <![CDATA[java.lang.Error: Unresolved compilation problem: 
Syntax error on token ".", ; expected

at Yt.Search.f2(Search.java:11)
at java.base/java.util.ArrayList.forEach(ArrayList.java:1511)
... Removed 27 stack frames]]>
    </failure>
  </testcase> <!-- f2 -->
  <testcase classname="Yt.Play" name="f3" time="0.002"/>
  <testcase classname="Yt.Ytlogin" name="@AfterTest after" time="0.0">
    <ignored/>
  </testcase> <!-- @AfterTest after -->
  <testcase classname="Yt.Ytlogin" name="f" time="0.0">
    <ignored/>
  </testcase> <!-- f -->
</testsuite> <!-- Test1 -->
