<?xml version="1.0" encoding="UTF-8"?>
<testng-results ignored="2" total="7" passed="5" failed="0" skipped="0">
  <reporter-output>
  </reporter-output>
  <suite started-at="2022-03-04T12:29:57 IST" name="OrangeHRM" finished-at="2022-03-04T12:30:50 IST" duration-ms="52132">
    <groups>
    </groups>
    <test started-at="2022-03-04T12:29:57 IST" name="Add user into OrangeHRM" finished-at="2022-03-04T12:30:50 IST" duration-ms="52132">
      <class name="Yt.Search">
        <test-method is-config="true" signature="beforeClass()[pri:0, instance:Yt.Search@188715b5]" started-at="2022-03-04T12:30:16 IST" name="beforeClass" finished-at="2022-03-04T12:30:16 IST" duration-ms="0" status="PASS">
          <reporter-output>
          </reporter-output>
        </test-method> <!-- beforeClass -->
        <test-method signature="clickAdmin()[pri:1, instance:Yt.Search@188715b5]" started-at="2022-03-04T12:30:16 IST" name="clickAdmin" finished-at="2022-03-04T12:30:19 IST" duration-ms="2938" status="PASS">
          <reporter-output>
          </reporter-output>
        </test-method> <!-- clickAdmin -->
        <test-method signature="addUser()[pri:2, instance:Yt.Search@188715b5]" started-at="2022-03-04T12:30:19 IST" name="addUser" finished-at="2022-03-04T12:30:28 IST" duration-ms="8486" status="PASS">
          <reporter-output>
          </reporter-output>
        </test-method> <!-- addUser -->
        <test-method signature="searchUser()[pri:3, instance:Yt.Search@188715b5]" started-at="2022-03-04T12:30:28 IST" name="searchUser" finished-at="2022-03-04T12:30:42 IST" duration-ms="14429" status="PASS">
          <reporter-output>
          </reporter-output>
        </test-method> <!-- searchUser -->
        <test-method signature="editUser()[pri:4, instance:Yt.Search@188715b5]" started-at="2022-03-04T12:30:42 IST" name="editUser" finished-at="2022-03-04T12:30:50 IST" duration-ms="7525" status="PASS">
          <reporter-output>
          </reporter-output>
        </test-method> <!-- editUser -->
        <test-method is-config="true" signature="afterClass()[pri:0, instance:Yt.Search@188715b5]" started-at="2022-03-04T12:30:50 IST" name="afterClass" finished-at="2022-03-04T12:30:50 IST" duration-ms="1" status="PASS">
          <reporter-output>
          </reporter-output>
        </test-method> <!-- afterClass -->
      </class> <!-- Yt.Search -->
      <class name="Yt.Play">
        <test-method is-config="true" signature="invokeBrowser()[pri:0, instance:Yt.Play@68999068]" started-at="2022-03-04T12:29:57 IST" name="invokeBrowser" finished-at="2022-03-04T12:30:06 IST" duration-ms="9008" status="PASS">
          <reporter-output>
          </reporter-output>
        </test-method> <!-- invokeBrowser -->
        <test-method is-config="true" signature="beforeClass()[pri:0, instance:Yt.Play@68999068]" started-at="2022-03-04T12:30:07 IST" name="beforeClass" finished-at="2022-03-04T12:30:07 IST" duration-ms="0" status="PASS">
          <reporter-output>
          </reporter-output>
        </test-method> <!-- beforeClass -->
        <test-method signature="loginOhrm()[pri:0, instance:Yt.Play@68999068]" started-at="2022-03-04T12:30:07 IST" name="loginOhrm" finished-at="2022-03-04T12:30:16 IST" duration-ms="9649" status="PASS">
          <reporter-output>
          </reporter-output>
        </test-method> <!-- loginOhrm -->
        <test-method is-config="true" signature="afterClass()[pri:0, instance:Yt.Play@68999068]" started-at="2022-03-04T12:30:16 IST" name="afterClass" finished-at="2022-03-04T12:30:16 IST" duration-ms="8" status="PASS">
          <reporter-output>
          </reporter-output>
        </test-method> <!-- afterClass -->
      </class> <!-- Yt.Play -->
    </test> <!-- Add user into OrangeHRM -->
  </suite> <!-- OrangeHRM -->
</testng-results>
