<?xml version="1.0" encoding="UTF-8"?>
<!-- Generated by org.testng.reporters.JUnitXMLReporter -->
<testsuite ignored="0" hostname="Narendra" failures="0" tests="3" name="As1" time="0.075" errors="0" timestamp="2022-02-11T22:50:49 IST">
  <testcase classname="Default.Page1" name="@BeforeTest admin" time="0.012">
    <failure type="java.lang.NullPointerException" message="Cannot invoke &amp;quot;org.openqa.selenium.WebDriver.findElement(org.openqa.selenium.By)&amp;quot; because &amp;quot;this.driver&amp;quot; is null">
      <![CDATA[java.lang.NullPointerException: Cannot invoke "org.openqa.selenium.WebDriver.findElement(org.openqa.selenium.By)" because "this.driver" is null
at Default.Page1.admin(Page1.java:46)
... Removed 24 stack frames]]>
    </failure>
  </testcase> <!-- @BeforeTest admin -->
  <testcase classname="Default.Page1" name="@BeforeTest fetch" time="-1.64460004987E9">
    <skipped/>
  </testcase> <!-- @BeforeTest fetch -->
  <testcase classname="Default.Login" name="@AfterTest close" time="-1.644600049916E9">
    <skipped/>
  </testcase> <!-- @AfterTest close -->
  <testcase classname="Default.Page1" name="@AfterTest admin1" time="-1.644600049917E9">
    <skipped/>
  </testcase> <!-- @AfterTest admin1 -->
  <testcase classname="Default.Login" name="open" time="0.0">
    <skipped/>
  </testcase> <!-- open -->
  <testcase classname="Default.Login" name="login" time="0.0">
    <skipped/>
  </testcase> <!-- login -->
  <testcase classname="Default.Page1" name="admin" time="0.0">
    <skipped/>
  </testcase> <!-- admin -->
</testsuite> <!-- As1 -->
