<?xml version="1.0" encoding="UTF-8"?>
<!-- Generated by org.testng.reporters.JUnitXMLReporter -->
<testsuite ignored="3" hostname="Narendra" failures="1" tests="3" name="Test1" time="27.298" errors="0" timestamp="2022-02-12T09:09:28 IST">
  <testcase classname="Default.Page1" name="@AfterTest admin1" time="0.002">
    <failure type="java.lang.NullPointerException" message="Cannot invoke &amp;quot;org.openqa.selenium.WebDriver.getCurrentUrl()&amp;quot; because &amp;quot;this.driver&amp;quot; is null">
      <![CDATA[java.lang.NullPointerException: Cannot invoke "org.openqa.selenium.WebDriver.getCurrentUrl()" because "this.driver" is null
at Default.Page1.admin1(Page1.java:72)
... Removed 24 stack frames]]>
    </failure>
  </testcase> <!-- @AfterTest admin1 -->
  <testcase classname="Default.Login" name="@AfterTest close" time="-1.644637168351E9">
    <skipped/>
  </testcase> <!-- @AfterTest close -->
  <testcase classname="Default.Login" name="open" time="7.298"/>
  <testcase classname="Default.Login" name="login" time="4.75"/>
  <testcase classname="Default.Page1" name="admin" time="15.183">
    <failure type="java.lang.NullPointerException" message="Cannot invoke &amp;quot;org.openqa.selenium.WebDriver.findElement(org.openqa.selenium.By)&amp;quot; because &amp;quot;this.driver&amp;quot; is null">
      <![CDATA[java.lang.NullPointerException: Cannot invoke "org.openqa.selenium.WebDriver.findElement(org.openqa.selenium.By)" because "this.driver" is null
at Default.Page1.admin(Page1.java:44)
at java.base/java.util.ArrayList.forEach(ArrayList.java:1511)
... Removed 27 stack frames]]>
    </failure>
  </testcase> <!-- admin -->
  <testcase classname="Default.Login" name="login" time="0.0">
    <ignored/>
  </testcase> <!-- login -->
  <testcase classname="Default.Login" name="open" time="0.0">
    <ignored/>
  </testcase> <!-- open -->
  <testcase classname="Default.Login" name="@AfterTest close" time="0.0">
    <ignored/>
  </testcase> <!-- @AfterTest close -->
</testsuite> <!-- Test1 -->
